Arguments: 
  /usr/local/bin/node /usr/local/bin/yarn add @typescript

PATH: 
  /usr/local/bin:/usr/bin:/bin:/usr/sbin:/sbin

Yarn version: 
  1.22.19

Node version: 
  16.17.0

Platform: 
  darwin x64

Trace: 
  Error: https://registry.yarnpkg.com/@typescript: Request "https://registry.yarnpkg.com/@typescript" returned a 405
      at Request.params.callback [as _callback] (/usr/local/lib/node_modules/yarn/lib/cli.js:66154:18)
      at Request.self.callback (/usr/local/lib/node_modules/yarn/lib/cli.js:140890:22)
      at Request.emit (node:events:513:28)
      at Request.<anonymous> (/usr/local/lib/node_modules/yarn/lib/cli.js:141862:10)
      at Request.emit (node:events:513:28)
      at IncomingMessage.<anonymous> (/usr/local/lib/node_modules/yarn/lib/cli.js:141784:12)
      at Object.onceWrapper (node:events:627:28)
      at IncomingMessage.emit (node:events:525:35)
      at endReadableNT (node:internal/streams/readable:1358:12)
      at processTicksAndRejections (node:internal/process/task_queues:83:21)

npm manifest: 
  {
    "name": "GRAPHQL_WEEK_10",
    "version": "1.0.0",
    "main": "index.js",
    "license": "MIT",
    "dependencies": {
      "express": "^4.18.2"
    },
    "devDependencies": {
      "@types/express": "types/express",
      "typescript": "^4.9.3"
    }
  }

yarn manifest: 
  No manifest

Lockfile: 
  # THIS IS AN AUTOGENERATED FILE. DO NOT EDIT THIS FILE DIRECTLY.
  # yarn lockfile v1
  
  
  "@types/express@types/express":
    version "4.14.0"
    resolved "https://codeload.github.com/types/express/tar.gz/7670cf1cbce96b3159e3ff04a253926b34111220"
    dependencies:
      "@types/serve-static" "github:types/npm-serve-static#c1f96843c8b96a37f6c534cb1dadb48f5329e4e0"
      path-to-regexp "github:pillarjs/path-to-regexp#ec285ed3500aed455df59e3b8b07f473412918a4"
  
  "@types/serve-static@github:types/npm-serve-static#c1f96843c8b96a37f6c534cb1dadb48f5329e4e0":
    version "1.11.1"
    resolved "https://codeload.github.com/types/npm-serve-static/tar.gz/c1f96843c8b96a37f6c534cb1dadb48f5329e4e0"
  
  isarray@0.0.1:
    version "0.0.1"
    resolved "https://registry.yarnpkg.com/isarray/-/isarray-0.0.1.tgz#8a18acfca9a8f4177e09abfc6038939b05d1eedf"
    integrity sha512-D2S+3GLxWH+uhrNEcoh/fnmYeP8E8/zHl644d/jdA0g2uyXvy3sb0qxotE+ne0LtccHknQzWwZEzhak7oJ0COQ==
  
  "path-to-regexp@github:pillarjs/path-to-regexp#ec285ed3500aed455df59e3b8b07f473412918a4":
    version "1.5.3"
    resolved "https://codeload.github.com/pillarjs/path-to-regexp/tar.gz/ec285ed3500aed455df59e3b8b07f473412918a4"
    dependencies:
      isarray "0.0.1"
  
  typescript@^4.9.3:
    version "4.9.3"
    resolved "https://registry.yarnpkg.com/typescript/-/typescript-4.9.3.tgz#3aea307c1746b8c384435d8ac36b8a2e580d85db"
    integrity sha512-CIfGzTelbKNEnLpLdGFgdyKhG23CKdKgQPOBc+OUNrkJ2vr+KSzsSV5kq5iWhEQbok+quxgGzrAtGWCyU7tHnA==
